Build started 6/12/2015 6:15:46 PM.
     1>Project "C:\workspace\Github_MasterRepository\miscellaneous\vc++\windows_app\Win32Project2\Win32Project2\Win32Project2.vcxproj" on node 2 (Build target(s)).
     1>ClCompile:
         C:\Program Files (x86)\Microsoft Visual Studio 12.0\VC\bin\CL.exe /c /ZI /nologo /W3 /WX- /sdl /Od /Oy- /D WIN32 /D _DEBUG /D _WINDOWS /D _UNICODE /D UNICODE /Gm /EHsc /RTC1 /MDd /GS /fp:precise /Zc:wchar_t /Zc:forScope /Yu"stdafx.h" /Fp"Debug\Win32Project2.pch" /Fo"Debug\\" /Fd"Debug\vc120.pdb" /Gd /TP /analyze- /errorReport:prompt Win32Project2.cpp
         Win32Project2.cpp
     1>c:\workspace\github_masterrepository\miscellaneous\vc++\windows_app\win32project2\win32project2\win32project2.cpp(9): fatal error C1010: unexpected end of file while looking for precompiled header. Did you forget to add '#include "stdafx.h"' to your source?
     1>Done Building Project "C:\workspace\Github_MasterRepository\miscellaneous\vc++\windows_app\Win32Project2\Win32Project2\Win32Project2.vcxproj" (Build target(s)) -- FAILED.

Build FAILED.

Time Elapsed 00:00:00.21
